<?xml version="1.0" encoding="UTF-8"?>
<!-- Generated by org.testng.reporters.JUnitXMLReporter -->
<testsuite ignored="0" hostname="LAPTOP-2P2KGHCT" failures="0" tests="1" name="Command line test" time="0.039" errors="0" timestamp="2023-07-25T18:18:53 IST">
  <testcase classname="Com.Ecomerce.BaseClass.Ecoomerce_baseclass" name="@BeforeMethod Setup" time="-1.690289333971E9">
    <failure type="org.testng.TestNGException" message="
Parameter &amp;apos;Browser&amp;apos; is required by BeforeMethod on method Setup but has not been marked @Optional or defined
">
      <![CDATA[org.testng.TestNGException: 
Parameter 'Browser' is required by BeforeMethod on method Setup but has not been marked @Optional or defined

at java.base/java.util.ArrayList.forEach(ArrayList.java:1511)
... Removed 37 stack frames]]>
    </failure>
  </testcase> <!-- @BeforeMethod Setup -->
  <testcase classname="Com.Ecomerce.BaseClass.Ecoomerce_baseclass" name="@AfterMethod Teardown" time="0.0">
    <skipped/>
  </testcase> <!-- @AfterMethod Teardown -->
  <testcase classname="Com.Ecomerce.TestCases.TC_AddtoCart_TestCase" name="AddtoCart" time="0.0">
    <skipped/>
  </testcase> <!-- AddtoCart -->
</testsuite> <!-- Command line test -->
