<?xml version="1.0" encoding="UTF-8"?>
<testng-results ignored="0" total="5" passed="4" failed="1" skipped="0">
  <reporter-output>
  </reporter-output>
  <suite started-at="2023-07-25T18:21:10 IST" name="Suite" finished-at="2023-07-25T18:22:19 IST" duration-ms="69034">
    <groups>
    </groups>
    <test started-at="2023-07-25T18:21:10 IST" name="Test" finished-at="2023-07-25T18:22:19 IST" duration-ms="69034">
      <class name="Com.Ecomerce.TestCases.TC_Login_Test_Case">
        <test-method is-config="true" signature="Setup(java.lang.String)[pri:0, instance:Com.Ecomerce.TestCases.TC_Login_Test_Case@4eaf3684]" started-at="2023-07-25T18:21:11 IST" name="Setup" finished-at="2023-07-25T18:21:14 IST" duration-ms="3374" status="PASS">
          <params>
            <param index="0">
              <value>
                <![CDATA[Chrome]]>
              </value>
            </param>
          </params>
          <reporter-output>
          </reporter-output>
        </test-method> <!-- Setup -->
        <test-method signature="Login(java.lang.String,java.lang.String,java.lang.String)[pri:0, instance:Com.Ecomerce.TestCases.TC_Login_Test_Case@4eaf3684]" started-at="2023-07-25T18:21:14 IST" name="Login" data-provider="Logindata" finished-at="2023-07-25T18:21:16 IST" duration-ms="1256" status="FAIL">
          <params>
            <param index="0">
              <value>
                <![CDATA[nndp@gmail.com]]>
              </value>
            </param>
            <param index="1">
              <value>
                <![CDATA[Ninad@123]]>
              </value>
            </param>
            <param index="2">
              <value>
                <![CDATA[Valid]]>
              </value>
            </param>
          </params>
          <exception class="java.lang.AssertionError">
            <message>
              <![CDATA[expected [true] but found [false]]]>
            </message>
            <full-stacktrace>
              <![CDATA[java.lang.AssertionError: expected [true] but found [false]
at org.testng.Assert.fail(Assert.java:110)
at org.testng.Assert.failNotEquals(Assert.java:1577)
at org.testng.Assert.assertTrue(Assert.java:56)
at org.testng.Assert.assertTrue(Assert.java:66)
at Com.Ecomerce.TestCases.TC_Login_Test_Case.Login(TC_Login_Test_Case.java:42)
at java.base/jdk.internal.reflect.NativeMethodAccessorImpl.invoke0(Native Method)
at java.base/jdk.internal.reflect.NativeMethodAccessorImpl.invoke(NativeMethodAccessorImpl.java:77)
at java.base/jdk.internal.reflect.DelegatingMethodAccessorImpl.invoke(DelegatingMethodAccessorImpl.java:43)
at java.base/java.lang.reflect.Method.invoke(Method.java:568)
at org.testng.internal.invokers.MethodInvocationHelper.invokeMethod(MethodInvocationHelper.java:139)
at org.testng.internal.invokers.TestInvoker.invokeMethod(TestInvoker.java:677)
at org.testng.internal.invokers.TestInvoker.invokeTestMethod(TestInvoker.java:221)
at org.testng.internal.invokers.MethodRunner.runInSequence(MethodRunner.java:50)
at org.testng.internal.invokers.TestInvoker$MethodInvocationAgent.invoke(TestInvoker.java:969)
at org.testng.internal.invokers.TestInvoker.invokeTestMethods(TestInvoker.java:194)
at org.testng.internal.invokers.TestMethodWorker.invokeTestMethods(TestMethodWorker.java:148)
at org.testng.internal.invokers.TestMethodWorker.run(TestMethodWorker.java:128)
at java.base/java.util.ArrayList.forEach(ArrayList.java:1511)
at org.testng.TestRunner.privateRun(TestRunner.java:829)
at org.testng.TestRunner.run(TestRunner.java:602)
at org.testng.SuiteRunner.runTest(SuiteRunner.java:437)
at org.testng.SuiteRunner.runSequentially(SuiteRunner.java:431)
at org.testng.SuiteRunner.privateRun(SuiteRunner.java:391)
at org.testng.SuiteRunner.run(SuiteRunner.java:330)
at org.testng.SuiteRunnerWorker.runSuite(SuiteRunnerWorker.java:52)
at org.testng.SuiteRunnerWorker.run(SuiteRunnerWorker.java:95)
at org.testng.TestNG.runSuitesSequentially(TestNG.java:1256)
at org.testng.TestNG.runSuitesLocally(TestNG.java:1176)
at org.testng.TestNG.runSuites(TestNG.java:1099)
at org.testng.TestNG.run(TestNG.java:1067)
at org.testng.remote.AbstractRemoteTestNG.run(AbstractRemoteTestNG.java:115)
at org.testng.remote.RemoteTestNG.initAndRun(RemoteTestNG.java:251)
at org.testng.remote.RemoteTestNG.main(RemoteTestNG.java:77)
]]>
            </full-stacktrace>
          </exception> <!-- java.lang.AssertionError -->
          <reporter-output>
          </reporter-output>
        </test-method> <!-- Login -->
        <test-method is-config="true" signature="Teardown()[pri:0, instance:Com.Ecomerce.TestCases.TC_Login_Test_Case@4eaf3684]" started-at="2023-07-25T18:21:16 IST" name="Teardown" finished-at="2023-07-25T18:21:26 IST" duration-ms="10064" status="PASS">
          <reporter-output>
          </reporter-output>
        </test-method> <!-- Teardown -->
        <test-method is-config="true" signature="Setup(java.lang.String)[pri:0, instance:Com.Ecomerce.TestCases.TC_Login_Test_Case@4eaf3684]" started-at="2023-07-25T18:21:26 IST" name="Setup" finished-at="2023-07-25T18:21:28 IST" duration-ms="2366" status="PASS">
          <params>
            <param index="0">
              <value>
                <![CDATA[Chrome]]>
              </value>
            </param>
          </params>
          <reporter-output>
          </reporter-output>
        </test-method> <!-- Setup -->
        <test-method signature="Login(java.lang.String,java.lang.String,java.lang.String)[pri:0, instance:Com.Ecomerce.TestCases.TC_Login_Test_Case@4eaf3684]" started-at="2023-07-25T18:21:28 IST" name="Login" data-provider="Logindata" finished-at="2023-07-25T18:21:29 IST" duration-ms="1274" status="PASS">
          <params>
            <param index="0">
              <value>
                <![CDATA[nndp@gmail.com]]>
              </value>
            </param>
            <param index="1">
              <value>
                <![CDATA[Ninad@1234]]>
              </value>
            </param>
            <param index="2">
              <value>
                <![CDATA[Invalid]]>
              </value>
            </param>
          </params>
          <reporter-output>
          </reporter-output>
        </test-method> <!-- Login -->
        <test-method is-config="true" signature="Teardown()[pri:0, instance:Com.Ecomerce.TestCases.TC_Login_Test_Case@4eaf3684]" started-at="2023-07-25T18:21:29 IST" name="Teardown" finished-at="2023-07-25T18:21:40 IST" duration-ms="10137" status="PASS">
          <reporter-output>
          </reporter-output>
        </test-method> <!-- Teardown -->
        <test-method is-config="true" signature="Setup(java.lang.String)[pri:0, instance:Com.Ecomerce.TestCases.TC_Login_Test_Case@4eaf3684]" started-at="2023-07-25T18:21:40 IST" name="Setup" finished-at="2023-07-25T18:21:42 IST" duration-ms="2430" status="PASS">
          <params>
            <param index="0">
              <value>
                <![CDATA[Chrome]]>
              </value>
            </param>
          </params>
          <reporter-output>
          </reporter-output>
        </test-method> <!-- Setup -->
        <test-method signature="Login(java.lang.String,java.lang.String,java.lang.String)[pri:0, instance:Com.Ecomerce.TestCases.TC_Login_Test_Case@4eaf3684]" started-at="2023-07-25T18:21:42 IST" name="Login" data-provider="Logindata" finished-at="2023-07-25T18:21:43 IST" duration-ms="1224" status="PASS">
          <params>
            <param index="0">
              <value>
                <![CDATA[nndp1@gmail.com]]>
              </value>
            </param>
            <param index="1">
              <value>
                <![CDATA[Ninad@123]]>
              </value>
            </param>
            <param index="2">
              <value>
                <![CDATA[Invalid]]>
              </value>
            </param>
          </params>
          <reporter-output>
          </reporter-output>
        </test-method> <!-- Login -->
        <test-method is-config="true" signature="Teardown()[pri:0, instance:Com.Ecomerce.TestCases.TC_Login_Test_Case@4eaf3684]" started-at="2023-07-25T18:21:43 IST" name="Teardown" finished-at="2023-07-25T18:21:53 IST" duration-ms="10129" status="PASS">
          <reporter-output>
          </reporter-output>
        </test-method> <!-- Teardown -->
        <test-method is-config="true" signature="Setup(java.lang.String)[pri:0, instance:Com.Ecomerce.TestCases.TC_Login_Test_Case@4eaf3684]" started-at="2023-07-25T18:21:53 IST" name="Setup" finished-at="2023-07-25T18:21:56 IST" duration-ms="2378" status="PASS">
          <params>
            <param index="0">
              <value>
                <![CDATA[Chrome]]>
              </value>
            </param>
          </params>
          <reporter-output>
          </reporter-output>
        </test-method> <!-- Setup -->
        <test-method signature="Login(java.lang.String,java.lang.String,java.lang.String)[pri:0, instance:Com.Ecomerce.TestCases.TC_Login_Test_Case@4eaf3684]" started-at="2023-07-25T18:21:56 IST" name="Login" data-provider="Logindata" finished-at="2023-07-25T18:21:56 IST" duration-ms="484" status="PASS">
          <params>
            <param index="0">
              <value>
                <![CDATA[nnd@gmail.com]]>
              </value>
            </param>
            <param index="1">
              <value>
                <![CDATA[Ninad@123]]>
              </value>
            </param>
            <param index="2">
              <value>
                <![CDATA[Invalid]]>
              </value>
            </param>
          </params>
          <reporter-output>
          </reporter-output>
        </test-method> <!-- Login -->
        <test-method is-config="true" signature="Teardown()[pri:0, instance:Com.Ecomerce.TestCases.TC_Login_Test_Case@4eaf3684]" started-at="2023-07-25T18:21:56 IST" name="Teardown" finished-at="2023-07-25T18:22:06 IST" duration-ms="10122" status="PASS">
          <reporter-output>
          </reporter-output>
        </test-method> <!-- Teardown -->
        <test-method is-config="true" signature="Setup(java.lang.String)[pri:0, instance:Com.Ecomerce.TestCases.TC_Login_Test_Case@4eaf3684]" started-at="2023-07-25T18:22:06 IST" name="Setup" finished-at="2023-07-25T18:22:09 IST" duration-ms="2388" status="PASS">
          <params>
            <param index="0">
              <value>
                <![CDATA[Chrome]]>
              </value>
            </param>
          </params>
          <reporter-output>
          </reporter-output>
        </test-method> <!-- Setup -->
        <test-method signature="Login(java.lang.String,java.lang.String,java.lang.String)[pri:0, instance:Com.Ecomerce.TestCases.TC_Login_Test_Case@4eaf3684]" started-at="2023-07-25T18:22:09 IST" name="Login" data-provider="Logindata" finished-at="2023-07-25T18:22:09 IST" duration-ms="499" status="PASS">
          <params>
            <param index="0">
              <value>
                <![CDATA[nndp@gmail.com]]>
              </value>
            </param>
            <param index="1">
              <value>
                <![CDATA[Ninad@1239]]>
              </value>
            </param>
            <param index="2">
              <value>
                <![CDATA[Invalid]]>
              </value>
            </param>
          </params>
          <reporter-output>
          </reporter-output>
        </test-method> <!-- Login -->
        <test-method is-config="true" signature="Teardown()[pri:0, instance:Com.Ecomerce.TestCases.TC_Login_Test_Case@4eaf3684]" started-at="2023-07-25T18:22:09 IST" name="Teardown" finished-at="2023-07-25T18:22:19 IST" duration-ms="10134" status="PASS">
          <reporter-output>
          </reporter-output>
        </test-method> <!-- Teardown -->
      </class> <!-- Com.Ecomerce.TestCases.TC_Login_Test_Case -->
    </test> <!-- Test -->
  </suite> <!-- Suite -->
</testng-results>
